This manual is organized in a rather thoughtless manner.
You can consider this an example text.
Apoi oaia porneşte înainte plângând, şi lupul după dânsa, prefăcându-se că plânge.
– Doamne, cumătre, Doamne! zise oaia suspinând. De ce ţi-e mai drag în lume, de-aceea n-ai parte…
This manual is organized in a rather haphazard manner.  The first several

sections were written hastily in an attempt to provide ageneral introduction to the


commands in Emacs and to try to showthe method in the madness that is the Emacs

command structure.

introduction to the

commands
#171,#176
commands in Emacs and to try to showthe method in the madness that is the Emacs
#233,#238
commands in Emacs and to try to showthe method in the madness that is the Emacs





Copacii negri, copacii albi
Copacii negri, copacii albi.
Copacii negri, copacii albi;
Cu pene negre, pene albe
Cu pene negre, pene albe...
Decor de doliu funerar...
Decor de doliu funerar...
În parc fantomele apar...
În parc ninsoarea cade rar...
În parc regretele plâng iar...
o pasăre cu glas amar
Si frunze negre, frunze albe;
Si pene negre, pene albe,
Stau goi în parcul solitar
Străbate parcul secular...
